-------------------------------------------------------------------------------
Test set: org.apache.commons.math4.legacy.analysis.interpolation.UnivariatePeriodicInterpolatorTest
-------------------------------------------------------------------------------
Tests run: 5, Failures: 1, Errors: 0, Skipped: 0, Time elapsed: 0.034 s <<< FAILURE! -- in org.apache.commons.math4.legacy.analysis.interpolation.UnivariatePeriodicInterpolatorTest
org.apache.commons.math4.legacy.analysis.interpolation.UnivariatePeriodicInterpolatorTest.testSine -- Time elapsed: 0.009 s <<< FAILURE!
java.lang.AssertionError: Delta: 1e-7 expected:<0.12863859111443599> but was:<0.12863838488440998>
	at org.junit.Assert.fail(Assert.java:89)
	at org.junit.Assert.failNotEquals(Assert.java:835)
	at org.junit.Assert.assertEquals(Assert.java:555)
	at org.apache.commons.math4.legacy.analysis.interpolation.UnivariatePeriodicInterpolatorTest.testSine(UnivariatePeriodicInterpolatorTest.java:78)
	at java.base/java.lang.reflect.Method.invoke(Method.java:569)

