<?xml version="1.0" encoding="UTF-8"?>
<testsuite xmlns:xsi="http://www.w3.org/2001/XMLSchema-instance" xsi:noNamespaceSchemaLocation="https://maven.apache.org/surefire/maven-surefire-plugin/xsd/surefire-test-report.xsd" version="3.0.2" name="org.apache.commons.math4.legacy.fitting.leastsquares.LevenbergMarquardtOptimizerTest" time="0.025" tests="1" errors="0" skipped="0" failures="1">
  <properties>
[...]
</properties>
  <testcase name="testBevington" classname="org.apache.commons.math4.legacy.fitting.leastsquares.LevenbergMarquardtOptimizerTest" time="0.002"/>
  <testcase name="testNonInvertible" classname="org.apache.commons.math4.legacy.fitting.leastsquares.LevenbergMarquardtOptimizerTest" time="0.0"/>
  <testcase name="testParameterValidator" classname="org.apache.commons.math4.legacy.fitting.leastsquares.LevenbergMarquardtOptimizerTest" time="0.053"/>
  <testcase name="testEvaluationCount" classname="org.apache.commons.math4.legacy.fitting.leastsquares.LevenbergMarquardtOptimizerTest" time="0.002"/>
  <testcase name="testCircleFitting2" classname="org.apache.commons.math4.legacy.fitting.leastsquares.LevenbergMarquardtOptimizerTest" time="0.028">
    <failure message="Delta=9.023305441566682 expected:&lt;111.111&gt; but was:&lt;105.43789662139316&gt;" type="java.lang.AssertionError"><![CDATA[java.lang.AssertionError: Delta=9.023305441566682 expected:<111.111> but was:<105.43789662139316>
	at org.junit.Assert.fail(Assert.java:89)
	at org.junit.Assert.failNotEquals(Assert.java:835)
	at org.junit.Assert.assertEquals(Assert.java:555)
	at org.apache.commons.math4.legacy.fitting.leastsquares.LevenbergMarquardtOptimizerTest.testCircleFitting2(LevenbergMarquardtOptimizerTest.java:273)
	at java.base/java.lang.reflect.Method.invoke(Method.java:569)
]]></failure>
    <rerunFailure message="Delta=8.595784870959031 expected:&lt;111.111&gt; but was:&lt;117.14428330794922&gt;" type="java.lang.AssertionError">
      <stackTrace><![CDATA[java.lang.AssertionError: Delta=8.595784870959031 expected:<111.111> but was:<117.14428330794922>
	at org.junit.Assert.fail(Assert.java:89)
	at org.junit.Assert.failNotEquals(Assert.java:835)
	at org.junit.Assert.assertEquals(Assert.java:555)
	at org.apache.commons.math4.legacy.fitting.leastsquares.LevenbergMarquardtOptimizerTest.testCircleFitting2(LevenbergMarquardtOptimizerTest.java:273)
	at java.base/java.lang.reflect.Method.invoke(Method.java:569)
]]></stackTrace>
    </rerunFailure>
    <rerunFailure message="Delta=7.080624924126667 expected:&lt;123.456&gt; but was:&lt;133.67091800816414&gt;" type="java.lang.AssertionError">
      <stackTrace><![CDATA[java.lang.AssertionError: Delta=7.080624924126667 expected:<123.456> but was:<133.67091800816414>
	at org.junit.Assert.fail(Assert.java:89)
	at org.junit.Assert.failNotEquals(Assert.java:835)
	at org.junit.Assert.assertEquals(Assert.java:555)
	at org.apache.commons.math4.legacy.fitting.leastsquares.LevenbergMarquardtOptimizerTest.testCircleFitting2(LevenbergMarquardtOptimizerTest.java:271)
	at java.base/java.lang.reflect.Method.invoke(Method.java:569)
]]></stackTrace>
    </rerunFailure>
    <rerunFailure message="Delta=9.692024902660583 expected:&lt;654.321&gt; but was:&lt;632.658262742751&gt;" type="java.lang.AssertionError">
      <stackTrace><![CDATA[java.lang.AssertionError: Delta=9.692024902660583 expected:<654.321> but was:<632.658262742751>
	at org.junit.Assert.fail(Assert.java:89)
	at org.junit.Assert.failNotEquals(Assert.java:835)
	at org.junit.Assert.assertEquals(Assert.java:555)
	at org.apache.commons.math4.legacy.fitting.leastsquares.LevenbergMarquardtOptimizerTest.testCircleFitting2(LevenbergMarquardtOptimizerTest.java:272)
	at java.base/java.lang.reflect.Method.invoke(Method.java:569)
]]></stackTrace>
    </rerunFailure>
    <rerunFailure message="Delta=6.719827751102872 expected:&lt;123.456&gt; but was:&lt;136.15534925747397&gt;" type="java.lang.AssertionError">
      <stackTrace><![CDATA[java.lang.AssertionError: Delta=6.719827751102872 expected:<123.456> but was:<136.15534925747397>
	at org.junit.Assert.fail(Assert.java:89)
	at org.junit.Assert.failNotEquals(Assert.java:835)
	at org.junit.Assert.assertEquals(Assert.java:555)
	at org.apache.commons.math4.legacy.fitting.leastsquares.LevenbergMarquardtOptimizerTest.testCircleFitting2(LevenbergMarquardtOptimizerTest.java:271)
	at java.base/java.lang.reflect.Method.invoke(Method.java:569)
]]></stackTrace>
    </rerunFailure>
    <rerunFailure message="Delta=9.487221260271136 expected:&lt;654.321&gt; but was:&lt;634.8987527686611&gt;" type="java.lang.AssertionError">
      <stackTrace><![CDATA[java.lang.AssertionError: Delta=9.487221260271136 expected:<654.321> but was:<634.8987527686611>
	at org.junit.Assert.fail(Assert.java:89)
	at org.junit.Assert.failNotEquals(Assert.java:835)
	at org.junit.Assert.assertEquals(Assert.java:555)
	at org.apache.commons.math4.legacy.fitting.leastsquares.LevenbergMarquardtOptimizerTest.testCircleFitting2(LevenbergMarquardtOptimizerTest.java:272)
	at java.base/java.lang.reflect.Method.invoke(Method.java:569)
]]></stackTrace>
    </rerunFailure>
  </testcase>
  <testcase name="testControlParameters" classname="org.apache.commons.math4.legacy.fitting.leastsquares.LevenbergMarquardtOptimizerTest" time="0.001"/>
  <testcase name="testCircleFittingGoodInit" classname="org.apache.commons.math4.legacy.fitting.leastsquares.LevenbergMarquardtOptimizerTest" time="0.001"/>
  <testcase name="testPointCopy" classname="org.apache.commons.math4.legacy.fitting.leastsquares.LevenbergMarquardtOptimizerTest" time="0.0"/>
  <testcase name="testNoDependency" classname="org.apache.commons.math4.legacy.fitting.leastsquares.LevenbergMarquardtOptimizerTest" time="0.0"/>
  <testcase name="testRedundantEquations" classname="org.apache.commons.math4.legacy.fitting.leastsquares.LevenbergMarquardtOptimizerTest" time="0.0"/>
  <testcase name="testTrivial" classname="org.apache.commons.math4.legacy.fitting.leastsquares.LevenbergMarquardtOptimizerTest" time="0.0"/>
  <testcase name="testQRColumnsPermutation" classname="org.apache.commons.math4.legacy.fitting.leastsquares.LevenbergMarquardtOptimizerTest" time="0.001"/>
  <testcase name="testInconsistentSizes1" classname="org.apache.commons.math4.legacy.fitting.leastsquares.LevenbergMarquardtOptimizerTest" time="0.0"/>
  <testcase name="testInconsistentSizes2" classname="org.apache.commons.math4.legacy.fitting.leastsquares.LevenbergMarquardtOptimizerTest" time="0.001"/>
  <testcase name="testTwoSets" classname="org.apache.commons.math4.legacy.fitting.leastsquares.LevenbergMarquardtOptimizerTest" time="0.0"/>
  <testcase name="testHahn1" classname="org.apache.commons.math4.legacy.fitting.leastsquares.LevenbergMarquardtOptimizerTest" time="0.005"/>
  <testcase name="testMoreEstimatedParametersSimple" classname="org.apache.commons.math4.legacy.fitting.leastsquares.LevenbergMarquardtOptimizerTest" time="0.001"/>
  <testcase name="testMoreEstimatedParametersUnsorted" classname="org.apache.commons.math4.legacy.fitting.leastsquares.LevenbergMarquardtOptimizerTest" time="0.0"/>
  <testcase name="testIllConditioned" classname="org.apache.commons.math4.legacy.fitting.leastsquares.LevenbergMarquardtOptimizerTest" time="0.0"/>
  <testcase name="testGetIterations" classname="org.apache.commons.math4.legacy.fitting.leastsquares.LevenbergMarquardtOptimizerTest" time="0.001"/>
  <testcase name="testInconsistentEquations" classname="org.apache.commons.math4.legacy.fitting.leastsquares.LevenbergMarquardtOptimizerTest" time="0.0"/>
  <testcase name="testCircleFitting" classname="org.apache.commons.math4.legacy.fitting.leastsquares.LevenbergMarquardtOptimizerTest" time="0.003"/>
  <testcase name="testKirby2" classname="org.apache.commons.math4.legacy.fitting.leastsquares.LevenbergMarquardtOptimizerTest" time="0.004"/>
  <testcase name="testOneSet" classname="org.apache.commons.math4.legacy.fitting.leastsquares.LevenbergMarquardtOptimizerTest" time="0.001"/>
  <testcase name="testCircleFittingBadInit" classname="org.apache.commons.math4.legacy.fitting.leastsquares.LevenbergMarquardtOptimizerTest" time="0.001"/>
</testsuite>