<?xml version="1.0" encoding="UTF-8"?>
<testsuite xmlns:xsi="http://www.w3.org/2001/XMLSchema-instance" xsi:noNamespaceSchemaLocation="https://maven.apache.org/surefire/maven-surefire-plugin/xsd/surefire-test-report.xsd" version="3.0.2" name="org.apache.commons.math4.legacy.fitting.leastsquares.LevenbergMarquardtOptimizerTest" time="0.025" tests="1" errors="0" skipped="0" failures="1">
  <properties>
    <property name="java.specification.version" value="17"/>
    <property name="sun.jnu.encoding" value="UTF-8"/>
    <property name="java.class.path" value="/home/josh_t_burdick/tmp/commons-math-legacy/target/test-classes:/home/josh_t_burdick/tmp/commons-math-legacy/target/classes:/home/josh_t_burdick/.m2/repository/org/apache/commons/commons-statistics-distribution/1.1/commons-statistics-distribution-1.1.jar:/home/josh_t_burdick/.m2/repository/org/apache/commons/commons-numbers-core/1.2/commons-numbers-core-1.2.jar:/home/josh_t_burdick/.m2/repository/org/apache/commons/commons-numbers-complex/1.2/commons-numbers-complex-1.2.jar:/home/josh_t_burdick/.m2/repository/org/apache/commons/commons-numbers-gamma/1.2/commons-numbers-gamma-1.2.jar:/home/josh_t_burdick/.m2/repository/org/apache/commons/commons-numbers-fraction/1.2/commons-numbers-fraction-1.2.jar:/home/josh_t_burdick/.m2/repository/org/apache/commons/commons-numbers-combinatorics/1.2/commons-numbers-combinatorics-1.2.jar:/home/josh_t_burdick/.m2/repository/org/apache/commons/commons-numbers-angle/1.2/commons-numbers-angle-1.2.jar:/home/josh_t_burdick/.m2/repository/org/apache/commons/commons-numbers-rootfinder/1.2/commons-numbers-rootfinder-1.2.jar:/home/josh_t_burdick/.m2/repository/org/apache/commons/commons-numbers-field/1.2/commons-numbers-field-1.2.jar:/home/josh_t_burdick/.m2/repository/org/apache/commons/commons-numbers-quaternion/1.2/commons-numbers-quaternion-1.2.jar:/home/josh_t_burdick/.m2/repository/org/apache/commons/commons-numbers-arrays/1.2/commons-numbers-arrays-1.2.jar:/home/josh_t_burdick/.m2/repository/org/apache/commons/commons-rng-client-api/1.5/commons-rng-client-api-1.5.jar:/home/josh_t_burdick/.m2/repository/org/apache/commons/commons-rng-simple/1.5/commons-rng-simple-1.5.jar:/home/josh_t_burdick/.m2/repository/org/apache/commons/commons-rng-core/1.5/commons-rng-core-1.5.jar:/home/josh_t_burdick/.m2/repository/org/apache/commons/commons-rng-sampling/1.5/commons-rng-sampling-1.5.jar:/home/josh_t_burdick/.m2/repository/org/apache/commons/commons-math4-legacy-exception/4.0-SNAPSHOT/commons-math4-legacy-exception-4.0-SNAPSHOT.jar:/home/josh_t_burdick/.m2/repository/org/apache/commons/commons-math4-legacy-core/4.0-SNAPSHOT/commons-math4-legacy-core-4.0-SNAPSHOT.jar:/home/josh_t_burdick/.m2/repository/org/apache/commons/commons-math4-core/4.0-SNAPSHOT/commons-math4-core-4.0-SNAPSHOT.jar:/home/josh_t_burdick/.m2/repository/org/junit/vintage/junit-vintage-engine/5.11.0/junit-vintage-engine-5.11.0.jar:/home/josh_t_burdick/.m2/repository/org/junit/platform/junit-platform-engine/1.11.0/junit-platform-engine-1.11.0.jar:/home/josh_t_burdick/.m2/repository/org/opentest4j/opentest4j/1.3.0/opentest4j-1.3.0.jar:/home/josh_t_burdick/.m2/repository/org/junit/platform/junit-platform-commons/1.11.0/junit-platform-commons-1.11.0.jar:/home/josh_t_burdick/.m2/repository/junit/junit/4.13.2/junit-4.13.2.jar:/home/josh_t_burdick/.m2/repository/org/hamcrest/hamcrest-core/1.3/hamcrest-core-1.3.jar:/home/josh_t_burdick/.m2/repository/org/apiguardian/apiguardian-api/1.1.2/apiguardian-api-1.1.2.jar:/home/josh_t_burdick/.m2/repository/org/apache/commons/commons-geometry-euclidean/1.0/commons-geometry-euclidean-1.0.jar:/home/josh_t_burdick/.m2/repository/org/apache/commons/commons-geometry-core/1.0/commons-geometry-core-1.0.jar:/home/josh_t_burdick/.m2/repository/org/junit/jupiter/junit-jupiter/5.11.0/junit-jupiter-5.11.0.jar:/home/josh_t_burdick/.m2/repository/org/junit/jupiter/junit-jupiter-api/5.11.0/junit-jupiter-api-5.11.0.jar:/home/josh_t_burdick/.m2/repository/org/junit/jupiter/junit-jupiter-params/5.11.0/junit-jupiter-params-5.11.0.jar:/home/josh_t_burdick/.m2/repository/org/junit/jupiter/junit-jupiter-engine/5.11.0/junit-jupiter-engine-5.11.0.jar:"/>
    <property name="java.vm.vendor" value="Debian"/>
    <property name="sun.arch.data.model" value="64"/>
    <property name="java.vendor.url" value="https://tracker.debian.org/openjdk-17"/>
    <property name="os.name" value="Linux"/>
    <property name="java.vm.specification.version" value="17"/>
    <property name="sun.java.launcher" value="SUN_STANDARD"/>
    <property name="sun.boot.library.path" value="/usr/lib/jvm/java-17-openjdk-amd64/lib"/>
    <property name="sun.java.command" value="/home/josh_t_burdick/tmp/commons-math-legacy/target/surefire/surefirebooter-20240925050723549_3.jar /home/josh_t_burdick/tmp/commons-math-legacy/target/surefire 2024-09-25T05-07-23_352-jvmRun1 surefire-20240925050723549_1tmp surefire_0-20240925050723549_2tmp"/>
    <property name="jdk.debug" value="release"/>
    <property name="surefire.test.class.path" value="/home/josh_t_burdick/tmp/commons-math-legacy/target/test-classes:/home/josh_t_burdick/tmp/commons-math-legacy/target/classes:/home/josh_t_burdick/.m2/repository/org/apache/commons/commons-statistics-distribution/1.1/commons-statistics-distribution-1.1.jar:/home/josh_t_burdick/.m2/repository/org/apache/commons/commons-numbers-core/1.2/commons-numbers-core-1.2.jar:/home/josh_t_burdick/.m2/repository/org/apache/commons/commons-numbers-complex/1.2/commons-numbers-complex-1.2.jar:/home/josh_t_burdick/.m2/repository/org/apache/commons/commons-numbers-gamma/1.2/commons-numbers-gamma-1.2.jar:/home/josh_t_burdick/.m2/repository/org/apache/commons/commons-numbers-fraction/1.2/commons-numbers-fraction-1.2.jar:/home/josh_t_burdick/.m2/repository/org/apache/commons/commons-numbers-combinatorics/1.2/commons-numbers-combinatorics-1.2.jar:/home/josh_t_burdick/.m2/repository/org/apache/commons/commons-numbers-angle/1.2/commons-numbers-angle-1.2.jar:/home/josh_t_burdick/.m2/repository/org/apache/commons/commons-numbers-rootfinder/1.2/commons-numbers-rootfinder-1.2.jar:/home/josh_t_burdick/.m2/repository/org/apache/commons/commons-numbers-field/1.2/commons-numbers-field-1.2.jar:/home/josh_t_burdick/.m2/repository/org/apache/commons/commons-numbers-quaternion/1.2/commons-numbers-quaternion-1.2.jar:/home/josh_t_burdick/.m2/repository/org/apache/commons/commons-numbers-arrays/1.2/commons-numbers-arrays-1.2.jar:/home/josh_t_burdick/.m2/repository/org/apache/commons/commons-rng-client-api/1.5/commons-rng-client-api-1.5.jar:/home/josh_t_burdick/.m2/repository/org/apache/commons/commons-rng-simple/1.5/commons-rng-simple-1.5.jar:/home/josh_t_burdick/.m2/repository/org/apache/commons/commons-rng-core/1.5/commons-rng-core-1.5.jar:/home/josh_t_burdick/.m2/repository/org/apache/commons/commons-rng-sampling/1.5/commons-rng-sampling-1.5.jar:/home/josh_t_burdick/.m2/repository/org/apache/commons/commons-math4-legacy-exception/4.0-SNAPSHOT/commons-math4-legacy-exception-4.0-SNAPSHOT.jar:/home/josh_t_burdick/.m2/repository/org/apache/commons/commons-math4-legacy-core/4.0-SNAPSHOT/commons-math4-legacy-core-4.0-SNAPSHOT.jar:/home/josh_t_burdick/.m2/repository/org/apache/commons/commons-math4-core/4.0-SNAPSHOT/commons-math4-core-4.0-SNAPSHOT.jar:/home/josh_t_burdick/.m2/repository/org/junit/vintage/junit-vintage-engine/5.11.0/junit-vintage-engine-5.11.0.jar:/home/josh_t_burdick/.m2/repository/org/junit/platform/junit-platform-engine/1.11.0/junit-platform-engine-1.11.0.jar:/home/josh_t_burdick/.m2/repository/org/opentest4j/opentest4j/1.3.0/opentest4j-1.3.0.jar:/home/josh_t_burdick/.m2/repository/org/junit/platform/junit-platform-commons/1.11.0/junit-platform-commons-1.11.0.jar:/home/josh_t_burdick/.m2/repository/junit/junit/4.13.2/junit-4.13.2.jar:/home/josh_t_burdick/.m2/repository/org/hamcrest/hamcrest-core/1.3/hamcrest-core-1.3.jar:/home/josh_t_burdick/.m2/repository/org/apiguardian/apiguardian-api/1.1.2/apiguardian-api-1.1.2.jar:/home/josh_t_burdick/.m2/repository/org/apache/commons/commons-geometry-euclidean/1.0/commons-geometry-euclidean-1.0.jar:/home/josh_t_burdick/.m2/repository/org/apache/commons/commons-geometry-core/1.0/commons-geometry-core-1.0.jar:/home/josh_t_burdick/.m2/repository/org/junit/jupiter/junit-jupiter/5.11.0/junit-jupiter-5.11.0.jar:/home/josh_t_burdick/.m2/repository/org/junit/jupiter/junit-jupiter-api/5.11.0/junit-jupiter-api-5.11.0.jar:/home/josh_t_burdick/.m2/repository/org/junit/jupiter/junit-jupiter-params/5.11.0/junit-jupiter-params-5.11.0.jar:/home/josh_t_burdick/.m2/repository/org/junit/jupiter/junit-jupiter-engine/5.11.0/junit-jupiter-engine-5.11.0.jar:"/>
    <property name="sun.cpu.endian" value="little"/>
    <property name="user.home" value="/home/josh_t_burdick"/>
    <property name="user.language" value="en"/>
    <property name="java.specification.vendor" value="Oracle Corporation"/>
    <property name="java.version.date" value="2024-07-16"/>
    <property name="java.home" value="/usr/lib/jvm/java-17-openjdk-amd64"/>
    <property name="file.separator" value="/"/>
    <property name="basedir" value="/home/josh_t_burdick/tmp/commons-math-legacy"/>
    <property name="java.vm.compressedOopsMode" value="Zero based"/>
    <property name="line.separator" value="&#10;"/>
    <property name="java.vm.specification.vendor" value="Oracle Corporation"/>
    <property name="java.specification.name" value="Java Platform API Specification"/>
    <property name="surefire.real.class.path" value="/home/josh_t_burdick/tmp/commons-math-legacy/target/surefire/surefirebooter-20240925050723549_3.jar"/>
    <property name="sun.management.compiler" value="HotSpot 64-Bit Tiered Compilers"/>
    <property name="java.runtime.version" value="17.0.12+7-Debian-2deb12u1"/>
    <property name="user.name" value="josh_t_burdick"/>
    <property name="path.separator" value=":"/>
    <property name="os.version" value="6.1.0-23-cloud-amd64"/>
    <property name="java.runtime.name" value="OpenJDK Runtime Environment"/>
    <property name="file.encoding" value="UTF-8"/>
    <property name="java.vm.name" value="OpenJDK 64-Bit Server VM"/>
    <property name="localRepository" value="/home/josh_t_burdick/.m2/repository"/>
    <property name="java.vendor.url.bug" value="https://bugs.debian.org/openjdk-17"/>
    <property name="java.io.tmpdir" value="/tmp"/>
    <property name="java.version" value="17.0.12"/>
    <property name="user.dir" value="/home/josh_t_burdick/tmp/commons-math-legacy"/>
    <property name="os.arch" value="amd64"/>
    <property name="java.vm.specification.name" value="Java Virtual Machine Specification"/>
    <property name="native.encoding" value="UTF-8"/>
    <property name="java.library.path" value="/usr/java/packages/lib:/usr/lib/x86_64-linux-gnu/jni:/lib/x86_64-linux-gnu:/usr/lib/x86_64-linux-gnu:/usr/lib/jni:/lib:/usr/lib"/>
    <property name="java.vm.info" value="mixed mode, sharing"/>
    <property name="java.vendor" value="Debian"/>
    <property name="java.vm.version" value="17.0.12+7-Debian-2deb12u1"/>
    <property name="sun.io.unicode.encoding" value="UnicodeLittle"/>
    <property name="java.class.version" value="61.0"/>
  </properties>
  <testcase name="testBevington" classname="org.apache.commons.math4.legacy.fitting.leastsquares.LevenbergMarquardtOptimizerTest" time="0.002"/>
  <testcase name="testNonInvertible" classname="org.apache.commons.math4.legacy.fitting.leastsquares.LevenbergMarquardtOptimizerTest" time="0.0"/>
  <testcase name="testParameterValidator" classname="org.apache.commons.math4.legacy.fitting.leastsquares.LevenbergMarquardtOptimizerTest" time="0.053"/>
  <testcase name="testEvaluationCount" classname="org.apache.commons.math4.legacy.fitting.leastsquares.LevenbergMarquardtOptimizerTest" time="0.002"/>
  <testcase name="testCircleFitting2" classname="org.apache.commons.math4.legacy.fitting.leastsquares.LevenbergMarquardtOptimizerTest" time="0.028">
    <failure message="Delta=9.023305441566682 expected:&lt;111.111&gt; but was:&lt;105.43789662139316&gt;" type="java.lang.AssertionError"><![CDATA[java.lang.AssertionError: Delta=9.023305441566682 expected:<111.111> but was:<105.43789662139316>
	at org.junit.Assert.fail(Assert.java:89)
	at org.junit.Assert.failNotEquals(Assert.java:835)
	at org.junit.Assert.assertEquals(Assert.java:555)
	at org.apache.commons.math4.legacy.fitting.leastsquares.LevenbergMarquardtOptimizerTest.testCircleFitting2(LevenbergMarquardtOptimizerTest.java:273)
	at java.base/java.lang.reflect.Method.invoke(Method.java:569)
]]></failure>
    <rerunFailure message="Delta=8.595784870959031 expected:&lt;111.111&gt; but was:&lt;117.14428330794922&gt;" type="java.lang.AssertionError">
      <stackTrace><![CDATA[java.lang.AssertionError: Delta=8.595784870959031 expected:<111.111> but was:<117.14428330794922>
	at org.junit.Assert.fail(Assert.java:89)
	at org.junit.Assert.failNotEquals(Assert.java:835)
	at org.junit.Assert.assertEquals(Assert.java:555)
	at org.apache.commons.math4.legacy.fitting.leastsquares.LevenbergMarquardtOptimizerTest.testCircleFitting2(LevenbergMarquardtOptimizerTest.java:273)
	at java.base/java.lang.reflect.Method.invoke(Method.java:569)
]]></stackTrace>
    </rerunFailure>
    <rerunFailure message="Delta=7.080624924126667 expected:&lt;123.456&gt; but was:&lt;133.67091800816414&gt;" type="java.lang.AssertionError">
      <stackTrace><![CDATA[java.lang.AssertionError: Delta=7.080624924126667 expected:<123.456> but was:<133.67091800816414>
	at org.junit.Assert.fail(Assert.java:89)
	at org.junit.Assert.failNotEquals(Assert.java:835)
	at org.junit.Assert.assertEquals(Assert.java:555)
	at org.apache.commons.math4.legacy.fitting.leastsquares.LevenbergMarquardtOptimizerTest.testCircleFitting2(LevenbergMarquardtOptimizerTest.java:271)
	at java.base/java.lang.reflect.Method.invoke(Method.java:569)
]]></stackTrace>
    </rerunFailure>
    <rerunFailure message="Delta=9.692024902660583 expected:&lt;654.321&gt; but was:&lt;632.658262742751&gt;" type="java.lang.AssertionError">
      <stackTrace><![CDATA[java.lang.AssertionError: Delta=9.692024902660583 expected:<654.321> but was:<632.658262742751>
	at org.junit.Assert.fail(Assert.java:89)
	at org.junit.Assert.failNotEquals(Assert.java:835)
	at org.junit.Assert.assertEquals(Assert.java:555)
	at org.apache.commons.math4.legacy.fitting.leastsquares.LevenbergMarquardtOptimizerTest.testCircleFitting2(LevenbergMarquardtOptimizerTest.java:272)
	at java.base/java.lang.reflect.Method.invoke(Method.java:569)
]]></stackTrace>
    </rerunFailure>
    <rerunFailure message="Delta=6.719827751102872 expected:&lt;123.456&gt; but was:&lt;136.15534925747397&gt;" type="java.lang.AssertionError">
      <stackTrace><![CDATA[java.lang.AssertionError: Delta=6.719827751102872 expected:<123.456> but was:<136.15534925747397>
	at org.junit.Assert.fail(Assert.java:89)
	at org.junit.Assert.failNotEquals(Assert.java:835)
	at org.junit.Assert.assertEquals(Assert.java:555)
	at org.apache.commons.math4.legacy.fitting.leastsquares.LevenbergMarquardtOptimizerTest.testCircleFitting2(LevenbergMarquardtOptimizerTest.java:271)
	at java.base/java.lang.reflect.Method.invoke(Method.java:569)
]]></stackTrace>
    </rerunFailure>
    <rerunFailure message="Delta=9.487221260271136 expected:&lt;654.321&gt; but was:&lt;634.8987527686611&gt;" type="java.lang.AssertionError">
      <stackTrace><![CDATA[java.lang.AssertionError: Delta=9.487221260271136 expected:<654.321> but was:<634.8987527686611>
	at org.junit.Assert.fail(Assert.java:89)
	at org.junit.Assert.failNotEquals(Assert.java:835)
	at org.junit.Assert.assertEquals(Assert.java:555)
	at org.apache.commons.math4.legacy.fitting.leastsquares.LevenbergMarquardtOptimizerTest.testCircleFitting2(LevenbergMarquardtOptimizerTest.java:272)
	at java.base/java.lang.reflect.Method.invoke(Method.java:569)
]]></stackTrace>
    </rerunFailure>
  </testcase>
  <testcase name="testControlParameters" classname="org.apache.commons.math4.legacy.fitting.leastsquares.LevenbergMarquardtOptimizerTest" time="0.001"/>
  <testcase name="testCircleFittingGoodInit" classname="org.apache.commons.math4.legacy.fitting.leastsquares.LevenbergMarquardtOptimizerTest" time="0.001"/>
  <testcase name="testPointCopy" classname="org.apache.commons.math4.legacy.fitting.leastsquares.LevenbergMarquardtOptimizerTest" time="0.0"/>
  <testcase name="testNoDependency" classname="org.apache.commons.math4.legacy.fitting.leastsquares.LevenbergMarquardtOptimizerTest" time="0.0"/>
  <testcase name="testRedundantEquations" classname="org.apache.commons.math4.legacy.fitting.leastsquares.LevenbergMarquardtOptimizerTest" time="0.0"/>
  <testcase name="testTrivial" classname="org.apache.commons.math4.legacy.fitting.leastsquares.LevenbergMarquardtOptimizerTest" time="0.0"/>
  <testcase name="testQRColumnsPermutation" classname="org.apache.commons.math4.legacy.fitting.leastsquares.LevenbergMarquardtOptimizerTest" time="0.001"/>
  <testcase name="testInconsistentSizes1" classname="org.apache.commons.math4.legacy.fitting.leastsquares.LevenbergMarquardtOptimizerTest" time="0.0"/>
  <testcase name="testInconsistentSizes2" classname="org.apache.commons.math4.legacy.fitting.leastsquares.LevenbergMarquardtOptimizerTest" time="0.001"/>
  <testcase name="testTwoSets" classname="org.apache.commons.math4.legacy.fitting.leastsquares.LevenbergMarquardtOptimizerTest" time="0.0"/>
  <testcase name="testHahn1" classname="org.apache.commons.math4.legacy.fitting.leastsquares.LevenbergMarquardtOptimizerTest" time="0.005"/>
  <testcase name="testMoreEstimatedParametersSimple" classname="org.apache.commons.math4.legacy.fitting.leastsquares.LevenbergMarquardtOptimizerTest" time="0.001"/>
  <testcase name="testMoreEstimatedParametersUnsorted" classname="org.apache.commons.math4.legacy.fitting.leastsquares.LevenbergMarquardtOptimizerTest" time="0.0"/>
  <testcase name="testIllConditioned" classname="org.apache.commons.math4.legacy.fitting.leastsquares.LevenbergMarquardtOptimizerTest" time="0.0"/>
  <testcase name="testGetIterations" classname="org.apache.commons.math4.legacy.fitting.leastsquares.LevenbergMarquardtOptimizerTest" time="0.001"/>
  <testcase name="testInconsistentEquations" classname="org.apache.commons.math4.legacy.fitting.leastsquares.LevenbergMarquardtOptimizerTest" time="0.0"/>
  <testcase name="testCircleFitting" classname="org.apache.commons.math4.legacy.fitting.leastsquares.LevenbergMarquardtOptimizerTest" time="0.003"/>
  <testcase name="testKirby2" classname="org.apache.commons.math4.legacy.fitting.leastsquares.LevenbergMarquardtOptimizerTest" time="0.004"/>
  <testcase name="testOneSet" classname="org.apache.commons.math4.legacy.fitting.leastsquares.LevenbergMarquardtOptimizerTest" time="0.001"/>
  <testcase name="testCircleFittingBadInit" classname="org.apache.commons.math4.legacy.fitting.leastsquares.LevenbergMarquardtOptimizerTest" time="0.001"/>
</testsuite>