<?xml version="1.0" encoding="UTF-8"?>
<testsuite xmlns:xsi="http://www.w3.org/2001/XMLSchema-instance" xsi:noNamespaceSchemaLocation="https://maven.apache.org/surefire/maven-surefire-plugin/xsd/surefire-test-report.xsd" version="3.0.2" name="org.apache.commons.math4.legacy.stat.descriptive.rank.PercentileTest" time="0.064" tests="61" errors="0" skipped="0" failures="0">
  <properties>
[...]
</properties>
  <testcase name="testAllTechniquesSingleton" classname="org.apache.commons.math4.legacy.stat.descriptive.rank.PercentileTest" time="0.0"/>
  <testcase name="testsetDataNotANumber" classname="org.apache.commons.math4.legacy.stat.descriptive.rank.PercentileTest" time="0.0"/>
  <testcase name="testsetDataPositivIndex" classname="org.apache.commons.math4.legacy.stat.descriptive.rank.PercentileTest" time="0.0"/>
  <testcase name="testAllTechniquesSetQuantile" classname="org.apache.commons.math4.legacy.stat.descriptive.rank.PercentileTest" time="0.001"/>
  <testcase name="testPercentile" classname="org.apache.commons.math4.legacy.stat.descriptive.rank.PercentileTest" time="0.0"/>
  <testcase name="testAllTechniquesHighPercentile" classname="org.apache.commons.math4.legacy.stat.descriptive.rank.PercentileTest" time="0.001"/>
  <testcase name="testNISTExample" classname="org.apache.commons.math4.legacy.stat.descriptive.rank.PercentileTest" time="0.0"/>
  <testcase name="testevaluateIndexBound" classname="org.apache.commons.math4.legacy.stat.descriptive.rank.PercentileTest" time="0.001"/>
  <testcase name="testAllTechniquesEvaluateArraySegmentWeighted" classname="org.apache.commons.math4.legacy.stat.descriptive.rank.PercentileTest" time="0.0"/>
  <testcase name="testAllEstimationTechniquesOnlyForExtremeIndexes" classname="org.apache.commons.math4.legacy.stat.descriptive.rank.PercentileTest" time="0.0"/>
  <testcase name="testNullEstimation" classname="org.apache.commons.math4.legacy.stat.descriptive.rank.PercentileTest" time="0.001"/>
  <testcase name="testSingleton" classname="org.apache.commons.math4.legacy.stat.descriptive.rank.PercentileTest" time="0.0"/>
  <testcase name="testevaluateInputLength" classname="org.apache.commons.math4.legacy.stat.descriptive.rank.PercentileTest" time="0.001"/>
  <testcase name="testNanStrategyFailed" classname="org.apache.commons.math4.legacy.stat.descriptive.rank.PercentileTest" time="0.0"/>
  <testcase name="testDataAndWeightsLength" classname="org.apache.commons.math4.legacy.stat.descriptive.rank.PercentileTest" time="0.0"/>
  <testcase name="testevaluatep" classname="org.apache.commons.math4.legacy.stat.descriptive.rank.PercentileTest" time="0.001"/>
  <testcase name="testLowPercentile" classname="org.apache.commons.math4.legacy.stat.descriptive.rank.PercentileTest" time="0.0"/>
  <testcase name="testevaluatePositivWeights" classname="org.apache.commons.math4.legacy.stat.descriptive.rank.PercentileTest" time="0.0"/>
  <testcase name="testevaluateNotANumber" classname="org.apache.commons.math4.legacy.stat.descriptive.rank.PercentileTest" time="0.001"/>
  <testcase name="testAllTechniquesLowPercentile" classname="org.apache.commons.math4.legacy.stat.descriptive.rank.PercentileTest" time="0.0"/>
  <testcase name="testevaluatePositivIndex" classname="org.apache.commons.math4.legacy.stat.descriptive.rank.PercentileTest" time="0.001"/>
  <testcase name="testAllEstimationTechniquesOnlyForAllPivotingStrategies" classname="org.apache.commons.math4.legacy.stat.descriptive.rank.PercentileTest" time="0.002"/>
  <testcase name="testAllTechniquesEmpty" classname="org.apache.commons.math4.legacy.stat.descriptive.rank.PercentileTest" time="0.0"/>
  <testcase name="testSetQuantile" classname="org.apache.commons.math4.legacy.stat.descriptive.rank.PercentileTest" time="0.001"/>
  <testcase name="test5" classname="org.apache.commons.math4.legacy.stat.descriptive.rank.PercentileTest" time="0.0"/>
  <testcase name="testNanStrategySpecific" classname="org.apache.commons.math4.legacy.stat.descriptive.rank.PercentileTest" time="0.0"/>
  <testcase name="testevaluatePositiveWeights" classname="org.apache.commons.math4.legacy.stat.descriptive.rank.PercentileTest" time="0.001"/>
  <testcase name="testWeightedPercentileWithSpecialValues" classname="org.apache.commons.math4.legacy.stat.descriptive.rank.PercentileTest" time="0.0"/>
  <testcase name="testAllTechniquesNullEmpty" classname="org.apache.commons.math4.legacy.stat.descriptive.rank.PercentileTest" time="0.001"/>
  <testcase name="testHighPercentile" classname="org.apache.commons.math4.legacy.stat.descriptive.rank.PercentileTest" time="0.0"/>
  <testcase name="testPercentileWithTechnique" classname="org.apache.commons.math4.legacy.stat.descriptive.rank.PercentileTest" time="0.0"/>
  <testcase name="testReplaceNanInRange" classname="org.apache.commons.math4.legacy.stat.descriptive.rank.PercentileTest" time="0.001"/>
  <testcase name="testAllTechniquesEvaluation" classname="org.apache.commons.math4.legacy.stat.descriptive.rank.PercentileTest" time="0.0"/>
  <testcase name="testPercentileWithDataRef" classname="org.apache.commons.math4.legacy.stat.descriptive.rank.PercentileTest" time="0.001"/>
  <testcase name="testAllEstimationTechniquesOnly" classname="org.apache.commons.math4.legacy.stat.descriptive.rank.PercentileTest" time="0.0"/>
  <testcase name="testAllTechniquesEvaluateArraySegment" classname="org.apache.commons.math4.legacy.stat.descriptive.rank.PercentileTest" time="0.001"/>
  <testcase name="testsetDataInputLength" classname="org.apache.commons.math4.legacy.stat.descriptive.rank.PercentileTest" time="0.0"/>
  <testcase name="testAllTechniquesPercentileUsingCentralPivoting" classname="org.apache.commons.math4.legacy.stat.descriptive.rank.PercentileTest" time="0.001"/>
  <testcase name="testPercentileCopy" classname="org.apache.commons.math4.legacy.stat.descriptive.rank.PercentileTest" time="0.0"/>
  <testcase name="testsetDataInputNull" classname="org.apache.commons.math4.legacy.stat.descriptive.rank.PercentileTest" time="0.001"/>
  <testcase name="testSpecialValues" classname="org.apache.commons.math4.legacy.stat.descriptive.rank.PercentileTest" time="0.0"/>
  <testcase name="testAllTechniquesSpecialValuesWithNaNStrategy" classname="org.apache.commons.math4.legacy.stat.descriptive.rank.PercentileTest" time="0.001"/>
  <testcase name="testAllTechniquesPercentileUsingRandomPivoting" classname="org.apache.commons.math4.legacy.stat.descriptive.rank.PercentileTest" time="0.001"/>
  <testcase name="testsetDataPositiveWeights" classname="org.apache.commons.math4.legacy.stat.descriptive.rank.PercentileTest" time="0.0"/>
  <testcase name="testAllEstimationTechniquesOnlyLimits" classname="org.apache.commons.math4.legacy.stat.descriptive.rank.PercentileTest" time="0.0"/>
  <testcase name="testAllTechniquesNISTExample" classname="org.apache.commons.math4.legacy.stat.descriptive.rank.PercentileTest" time="0.001"/>
  <testcase name="testAllTechniquesSpecialValues" classname="org.apache.commons.math4.legacy.stat.descriptive.rank.PercentileTest" time="0.001"/>
  <testcase name="testAllTechniquesWeightedConsistency" classname="org.apache.commons.math4.legacy.stat.descriptive.rank.PercentileTest" time="0.0"/>
  <testcase name="testStoredVsDirect" classname="org.apache.commons.math4.legacy.stat.descriptive.rank.PercentileTest" time="0.031"/>
  <testcase name="testAllTechniquesPercentileUsingMedianOf3Pivoting" classname="org.apache.commons.math4.legacy.stat.descriptive.rank.PercentileTest" time="0.001"/>
  <testcase name="testResultWithNonWeightedPercentile" classname="org.apache.commons.math4.legacy.stat.descriptive.rank.PercentileTest" time="0.002"/>
  <testcase name="testAllEstimationTechniquesOnlyForNullsAndOOR" classname="org.apache.commons.math4.legacy.stat.descriptive.rank.PercentileTest" time="0.0"/>
  <testcase name="testAllTechniques5" classname="org.apache.commons.math4.legacy.stat.descriptive.rank.PercentileTest" time="0.002"/>
  <testcase name="testNullEmpty" classname="org.apache.commons.math4.legacy.stat.descriptive.rank.PercentileTest" time="0.0"/>
  <testcase name="testsetDataIndexOutBound" classname="org.apache.commons.math4.legacy.stat.descriptive.rank.PercentileTest" time="0.0"/>
  <testcase name="testRemoveNan" classname="org.apache.commons.math4.legacy.stat.descriptive.rank.PercentileTest" time="0.0"/>
  <testcase name="testCopy" classname="org.apache.commons.math4.legacy.stat.descriptive.rank.PercentileTest" time="0.0"/>
  <testcase name="testEvaluation" classname="org.apache.commons.math4.legacy.stat.descriptive.rank.PercentileTest" time="0.0"/>
  <testcase name="testEvaluateArraySegment" classname="org.apache.commons.math4.legacy.stat.descriptive.rank.PercentileTest" time="0.0"/>
  <testcase name="testWeightedConsistency" classname="org.apache.commons.math4.legacy.stat.descriptive.rank.PercentileTest" time="0.001"/>
  <testcase name="testEvaluateArraySegmentWeighted" classname="org.apache.commons.math4.legacy.stat.descriptive.rank.PercentileTest" time="0.0"/>
</testsuite>